<?xml version="1.0" encoding="UTF-8"?>
<coverage generated="1705936556968" clover="3.2.0">
  <project timestamp="1705936556968" name="All files">
    <metrics statements="84" coveredstatements="68" conditionals="18" coveredconditionals="13" methods="6" coveredmethods="4" elements="108" coveredelements="85" complexity="0" loc="84" ncloc="84" packages="1" files="1" classes="1"/>
    <file name="app.js" path="/home/becca-boop/progblackassignment/progblackcoursework1/app.js">
      <metrics statements="84" coveredstatements="68" conditionals="18" coveredconditionals="13" methods="6" coveredmethods="4"/>
      <line num="1" count="1" type="stmt"/>
      <line num="2" count="1" type="stmt"/>
      <line num="4" count="1" type="stmt"/>
      <line num="6" count="1" type="stmt"/>
      <line num="9" count="1" type="stmt"/>
      <line num="10" count="1" type="stmt"/>
      <line num="11" count="1" type="stmt"/>
      <line num="13" count="1" type="stmt"/>
      <line num="14" count="2" type="stmt"/>
      <line num="15" count="2" type="stmt"/>
      <line num="16" count="2" type="stmt"/>
      <line num="17" count="2" type="stmt"/>
      <line num="19" count="2" type="stmt"/>
      <line num="20" count="2" type="stmt"/>
      <line num="21" count="2" type="stmt"/>
      <line num="23" count="2" type="stmt"/>
      <line num="24" count="2" type="stmt"/>
      <line num="25" count="18" type="stmt"/>
      <line num="26" count="18" type="stmt"/>
      <line num="27" count="132" type="cond" truecount="2" falsecount="0"/>
      <line num="28" count="22" type="stmt"/>
      <line num="29" count="22" type="stmt"/>
      <line num="33" count="2" type="cond" truecount="1" falsecount="1"/>
      <line num="34" count="0" type="stmt"/>
      <line num="36" count="2" type="stmt"/>
      <line num="39" count="1" type="stmt"/>
      <line num="40" count="130" type="stmt"/>
      <line num="41" count="130" type="stmt"/>
      <line num="42" count="130" type="stmt"/>
      <line num="43" count="130" type="stmt"/>
      <line num="45" count="130" type="stmt"/>
      <line num="46" count="130" type="stmt"/>
      <line num="48" count="130" type="stmt"/>
      <line num="49" count="130" type="stmt"/>
      <line num="50" count="1170" type="stmt"/>
      <line num="51" count="1170" type="stmt"/>
      <line num="52" count="8580" type="cond" truecount="2" falsecount="0"/>
      <line num="53" count="130" type="stmt"/>
      <line num="54" count="130" type="stmt"/>
      <line num="58" count="130" type="stmt"/>
      <line num="59" count="130" type="stmt"/>
      <line num="62" count="1" type="stmt"/>
      <line num="63" count="130" type="stmt"/>
      <line num="64" count="130" type="stmt"/>
      <line num="65" count="130" type="stmt"/>
      <line num="67" count="130" type="stmt"/>
      <line num="68" count="130" type="stmt"/>
      <line num="69" count="1170" type="cond" truecount="2" falsecount="0"/>
      <line num="70" count="130" type="stmt"/>
      <line num="71" count="130" type="stmt"/>
      <line num="72" count="1190" type="cond" truecount="2" falsecount="0"/>
      <line num="73" count="130" type="stmt"/>
      <line num="74" count="130" type="stmt"/>
      <line num="79" count="130" type="stmt"/>
      <line num="83" count="1" type="stmt"/>
      <line num="84" count="130" type="stmt"/>
      <line num="85" count="130" type="stmt"/>
      <line num="86" count="130" type="stmt"/>
      <line num="88" count="130" type="stmt"/>
      <line num="89" count="1170" type="cond" truecount="2" falsecount="0"/>
      <line num="90" count="130" type="stmt"/>
      <line num="91" count="130" type="stmt"/>
      <line num="92" count="1190" type="cond" truecount="2" falsecount="0"/>
      <line num="93" count="130" type="stmt"/>
      <line num="94" count="130" type="stmt"/>
      <line num="95" count="130" type="stmt"/>
      <line num="102" count="1" type="stmt"/>
      <line num="103" count="0" type="stmt"/>
      <line num="104" count="0" type="stmt"/>
      <line num="105" count="0" type="stmt"/>
      <line num="106" count="0" type="stmt"/>
      <line num="108" count="0" type="stmt"/>
      <line num="109" count="0" type="cond" truecount="0" falsecount="2"/>
      <line num="110" count="0" type="stmt"/>
      <line num="111" count="0" type="stmt"/>
      <line num="115" count="0" type="stmt"/>
      <line num="118" count="1" type="stmt"/>
      <line num="119" count="0" type="stmt"/>
      <line num="120" count="0" type="stmt"/>
      <line num="121" count="0" type="stmt"/>
      <line num="122" count="0" type="stmt"/>
      <line num="123" count="0" type="cond" truecount="0" falsecount="2"/>
      <line num="124" count="0" type="stmt"/>
      <line num="129" count="1" type="stmt"/>
    </file>
  </project>
</coverage>
