<?xml version="1.0" encoding="UTF-8"?>
<coverage generated="1705944847108" clover="3.2.0">
  <project timestamp="1705944847108" name="All files">
    <metrics statements="81" coveredstatements="81" conditionals="16" coveredconditionals="16" methods="5" coveredmethods="5" elements="102" coveredelements="102" complexity="0" loc="81" ncloc="81" packages="1" files="1" classes="1"/>
    <file name="app.js" path="/home/becca-boop/progblackassignment/progblackcoursework1/app.js">
      <metrics statements="81" coveredstatements="81" conditionals="16" coveredconditionals="16" methods="5" coveredmethods="5"/>
      <line num="1" count="1" type="stmt"/>
      <line num="2" count="1" type="stmt"/>
      <line num="4" count="1" type="stmt"/>
      <line num="6" count="1" type="stmt"/>
      <line num="9" count="1" type="stmt"/>
      <line num="10" count="1" type="stmt"/>
      <line num="11" count="1" type="stmt"/>
      <line num="13" count="1" type="stmt"/>
      <line num="14" count="8" type="stmt"/>
      <line num="15" count="8" type="stmt"/>
      <line num="16" count="8" type="stmt"/>
      <line num="17" count="8" type="stmt"/>
      <line num="19" count="8" type="stmt"/>
      <line num="20" count="8" type="stmt"/>
      <line num="21" count="8" type="stmt"/>
      <line num="23" count="8" type="stmt"/>
      <line num="24" count="8" type="stmt"/>
      <line num="25" count="72" type="stmt"/>
      <line num="26" count="72" type="stmt"/>
      <line num="27" count="528" type="cond" truecount="2" falsecount="0"/>
      <line num="28" count="40" type="stmt"/>
      <line num="29" count="40" type="stmt"/>
      <line num="33" count="8" type="cond" truecount="2" falsecount="0"/>
      <line num="34" count="4" type="stmt"/>
      <line num="36" count="8" type="stmt"/>
      <line num="37" count="8" type="stmt"/>
      <line num="40" count="1" type="stmt"/>
      <line num="41" count="130" type="stmt"/>
      <line num="42" count="130" type="stmt"/>
      <line num="43" count="130" type="stmt"/>
      <line num="44" count="130" type="stmt"/>
      <line num="46" count="130" type="stmt"/>
      <line num="47" count="130" type="stmt"/>
      <line num="49" count="130" type="stmt"/>
      <line num="50" count="130" type="stmt"/>
      <line num="51" count="1170" type="stmt"/>
      <line num="52" count="1170" type="stmt"/>
      <line num="53" count="8580" type="cond" truecount="2" falsecount="0"/>
      <line num="54" count="130" type="stmt"/>
      <line num="55" count="130" type="stmt"/>
      <line num="59" count="130" type="stmt"/>
      <line num="60" count="130" type="stmt"/>
      <line num="63" count="1" type="stmt"/>
      <line num="64" count="130" type="stmt"/>
      <line num="65" count="130" type="stmt"/>
      <line num="66" count="130" type="stmt"/>
      <line num="68" count="130" type="stmt"/>
      <line num="69" count="130" type="stmt"/>
      <line num="70" count="1170" type="cond" truecount="2" falsecount="0"/>
      <line num="71" count="130" type="stmt"/>
      <line num="72" count="130" type="stmt"/>
      <line num="73" count="1190" type="cond" truecount="2" falsecount="0"/>
      <line num="74" count="130" type="stmt"/>
      <line num="75" count="130" type="stmt"/>
      <line num="80" count="130" type="stmt"/>
      <line num="81" count="130" type="stmt"/>
      <line num="85" count="1" type="stmt"/>
      <line num="86" count="130" type="stmt"/>
      <line num="87" count="130" type="stmt"/>
      <line num="88" count="130" type="stmt"/>
      <line num="90" count="130" type="stmt"/>
      <line num="91" count="1170" type="cond" truecount="2" falsecount="0"/>
      <line num="92" count="130" type="stmt"/>
      <line num="93" count="130" type="stmt"/>
      <line num="94" count="1190" type="cond" truecount="2" falsecount="0"/>
      <line num="95" count="130" type="stmt"/>
      <line num="96" count="130" type="stmt"/>
      <line num="97" count="130" type="stmt"/>
      <line num="98" count="130" type="stmt"/>
      <line num="105" count="1" type="stmt"/>
      <line num="106" count="9" type="stmt"/>
      <line num="107" count="9" type="stmt"/>
      <line num="108" count="9" type="stmt"/>
      <line num="109" count="9" type="stmt"/>
      <line num="111" count="9" type="stmt"/>
      <line num="112" count="81" type="cond" truecount="2" falsecount="0"/>
      <line num="113" count="9" type="stmt"/>
      <line num="114" count="66" type="stmt"/>
      <line num="118" count="9" type="stmt"/>
      <line num="119" count="9" type="stmt"/>
      <line num="122" count="1" type="stmt"/>
    </file>
  </project>
</coverage>
