{"/home/becca-boop/progblackassignment/progblackcoursework1/app.js": {"path":"/home/becca-boop/progblackassignment/progblackcoursework1/app.js","statementMap":{"0":{"start":{"line":1,"column":16},"end":{"line":1,"column":34}},"1":{"start":{"line":2,"column":12},"end":{"line":2,"column":21}},"2":{"start":{"line":4,"column":11},"end":{"line":4,"column":24}},"3":{"start":{"line":6,"column":13},"end":{"line":6,"column":28}},"4":{"start":{"line":8,"column":0},"end":{"line":8,"column":34}},"5":{"start":{"line":9,"column":0},"end":{"line":9,"column":32}},"6":{"start":{"line":10,"column":0},"end":{"line":10,"column":55}},"7":{"start":{"line":12,"column":0},"end":{"line":37,"column":3}},"8":{"start":{"line":13,"column":4},"end":{"line":13,"column":20}},"9":{"start":{"line":14,"column":17},"end":{"line":14,"column":40}},"10":{"start":{"line":15,"column":22},"end":{"line":15,"column":32}},"11":{"start":{"line":16,"column":18},"end":{"line":16,"column":35}},"12":{"start":{"line":18,"column":17},"end":{"line":18,"column":51}},"13":{"start":{"line":19,"column":4},"end":{"line":19,"column":50}},"14":{"start":{"line":20,"column":22},"end":{"line":20,"column":40}},"15":{"start":{"line":22,"column":20},"end":{"line":22,"column":22}},"16":{"start":{"line":23,"column":4},"end":{"line":31,"column":5}},"17":{"start":{"line":24,"column":35},"end":{"line":24,"column":54}},"18":{"start":{"line":25,"column":8},"end":{"line":30,"column":9}},"19":{"start":{"line":26,"column":12},"end":{"line":29,"column":13}},"20":{"start":{"line":27,"column":39},"end":{"line":27,"column":52}},"21":{"start":{"line":28,"column":16},"end":{"line":28,"column":59}},"22":{"start":{"line":32,"column":4},"end":{"line":34,"column":5}},"23":{"start":{"line":33,"column":8},"end":{"line":33,"column":35}},"24":{"start":{"line":35,"column":4},"end":{"line":35,"column":56}},"25":{"start":{"line":36,"column":4},"end":{"line":36,"column":39}},"26":{"start":{"line":39,"column":0},"end":{"line":60,"column":3}},"27":{"start":{"line":40,"column":4},"end":{"line":40,"column":20}},"28":{"start":{"line":41,"column":17},"end":{"line":41,"column":40}},"29":{"start":{"line":42,"column":22},"end":{"line":42,"column":32}},"30":{"start":{"line":43,"column":18},"end":{"line":43,"column":35}},"31":{"start":{"line":45,"column":26},"end":{"line":45,"column":41}},"32":{"start":{"line":46,"column":4},"end":{"line":46,"column":48}},"33":{"start":{"line":48,"column":20},"end":{"line":48,"column":22}},"34":{"start":{"line":49,"column":4},"end":{"line":57,"column":5}},"35":{"start":{"line":50,"column":35},"end":{"line":50,"column":54}},"36":{"start":{"line":51,"column":8},"end":{"line":56,"column":9}},"37":{"start":{"line":52,"column":12},"end":{"line":55,"column":13}},"38":{"start":{"line":53,"column":39},"end":{"line":53,"column":52}},"39":{"start":{"line":54,"column":16},"end":{"line":54,"column":61}},"40":{"start":{"line":58,"column":4},"end":{"line":58,"column":56}},"41":{"start":{"line":59,"column":4},"end":{"line":59,"column":39}},"42":{"start":{"line":62,"column":0},"end":{"line":81,"column":3}},"43":{"start":{"line":63,"column":4},"end":{"line":63,"column":20}},"44":{"start":{"line":64,"column":17},"end":{"line":64,"column":40}},"45":{"start":{"line":65,"column":22},"end":{"line":65,"column":32}},"46":{"start":{"line":67,"column":20},"end":{"line":67,"column":22}},"47":{"start":{"line":68,"column":4},"end":{"line":78,"column":5}},"48":{"start":{"line":69,"column":8},"end":{"line":77,"column":9}},"49":{"start":{"line":70,"column":39},"end":{"line":70,"column":58}},"50":{"start":{"line":71,"column":12},"end":{"line":76,"column":13}},"51":{"start":{"line":72,"column":16},"end":{"line":75,"column":17}},"52":{"start":{"line":73,"column":43},"end":{"line":73,"column":56}},"53":{"start":{"line":74,"column":20},"end":{"line":74,"column":117}},"54":{"start":{"line":79,"column":4},"end":{"line":79,"column":56}},"55":{"start":{"line":80,"column":4},"end":{"line":80,"column":39}},"56":{"start":{"line":83,"column":0},"end":{"line":101,"column":3}},"57":{"start":{"line":84,"column":4},"end":{"line":84,"column":20}},"58":{"start":{"line":85,"column":17},"end":{"line":85,"column":40}},"59":{"start":{"line":86,"column":22},"end":{"line":86,"column":32}},"60":{"start":{"line":88,"column":4},"end":{"line":100,"column":5}},"61":{"start":{"line":89,"column":8},"end":{"line":99,"column":9}},"62":{"start":{"line":90,"column":39},"end":{"line":90,"column":58}},"63":{"start":{"line":91,"column":12},"end":{"line":98,"column":13}},"64":{"start":{"line":92,"column":16},"end":{"line":97,"column":17}},"65":{"start":{"line":93,"column":43},"end":{"line":93,"column":56}},"66":{"start":{"line":94,"column":33},"end":{"line":94,"column":77}},"67":{"start":{"line":95,"column":20},"end":{"line":95,"column":72}},"68":{"start":{"line":96,"column":20},"end":{"line":96,"column":36}},"69":{"start":{"line":103,"column":0},"end":{"line":118,"column":3}},"70":{"start":{"line":104,"column":4},"end":{"line":104,"column":20}},"71":{"start":{"line":105,"column":17},"end":{"line":105,"column":40}},"72":{"start":{"line":106,"column":22},"end":{"line":106,"column":32}},"73":{"start":{"line":107,"column":24},"end":{"line":107,"column":25}},"74":{"start":{"line":109,"column":4},"end":{"line":115,"column":5}},"75":{"start":{"line":110,"column":8},"end":{"line":114,"column":9}},"76":{"start":{"line":111,"column":12},"end":{"line":113,"column":13}},"77":{"start":{"line":112,"column":16},"end":{"line":112,"column":32}},"78":{"start":{"line":116,"column":4},"end":{"line":116,"column":56}},"79":{"start":{"line":117,"column":4},"end":{"line":117,"column":45}},"80":{"start":{"line":120,"column":0},"end":{"line":120,"column":21}}},"fnMap":{"0":{"name":"(anonymous_0)","decl":{"start":{"line":12,"column":30},"end":{"line":12,"column":31}},"loc":{"start":{"line":12,"column":57},"end":{"line":37,"column":1}},"line":12},"1":{"name":"(anonymous_1)","decl":{"start":{"line":39,"column":32},"end":{"line":39,"column":33}},"loc":{"start":{"line":39,"column":59},"end":{"line":60,"column":1}},"line":39},"2":{"name":"(anonymous_2)","decl":{"start":{"line":62,"column":34},"end":{"line":62,"column":35}},"loc":{"start":{"line":62,"column":61},"end":{"line":81,"column":1}},"line":62},"3":{"name":"(anonymous_3)","decl":{"start":{"line":83,"column":29},"end":{"line":83,"column":30}},"loc":{"start":{"line":83,"column":56},"end":{"line":101,"column":1}},"line":83},"4":{"name":"(anonymous_4)","decl":{"start":{"line":103,"column":18},"end":{"line":103,"column":19}},"loc":{"start":{"line":103,"column":45},"end":{"line":118,"column":1}},"line":103}},"branchMap":{"0":{"loc":{"start":{"line":26,"column":12},"end":{"line":29,"column":13}},"type":"if","locations":[{"start":{"line":26,"column":12},"end":{"line":29,"column":13}},{"start":{},"end":{}}],"line":26},"1":{"loc":{"start":{"line":32,"column":4},"end":{"line":34,"column":5}},"type":"if","locations":[{"start":{"line":32,"column":4},"end":{"line":34,"column":5}},{"start":{},"end":{}}],"line":32},"2":{"loc":{"start":{"line":52,"column":12},"end":{"line":55,"column":13}},"type":"if","locations":[{"start":{"line":52,"column":12},"end":{"line":55,"column":13}},{"start":{},"end":{}}],"line":52},"3":{"loc":{"start":{"line":69,"column":8},"end":{"line":77,"column":9}},"type":"if","locations":[{"start":{"line":69,"column":8},"end":{"line":77,"column":9}},{"start":{},"end":{}}],"line":69},"4":{"loc":{"start":{"line":72,"column":16},"end":{"line":75,"column":17}},"type":"if","locations":[{"start":{"line":72,"column":16},"end":{"line":75,"column":17}},{"start":{},"end":{}}],"line":72},"5":{"loc":{"start":{"line":89,"column":8},"end":{"line":99,"column":9}},"type":"if","locations":[{"start":{"line":89,"column":8},"end":{"line":99,"column":9}},{"start":{},"end":{}}],"line":89},"6":{"loc":{"start":{"line":92,"column":16},"end":{"line":97,"column":17}},"type":"if","locations":[{"start":{"line":92,"column":16},"end":{"line":97,"column":17}},{"start":{},"end":{}}],"line":92},"7":{"loc":{"start":{"line":110,"column":8},"end":{"line":114,"column":9}},"type":"if","locations":[{"start":{"line":110,"column":8},"end":{"line":114,"column":9}},{"start":{},"end":{}}],"line":110}},"s":{"0":1,"1":1,"2":1,"3":1,"4":1,"5":1,"6":1,"7":1,"8":8,"9":8,"10":8,"11":8,"12":8,"13":8,"14":8,"15":8,"16":8,"17":72,"18":72,"19":528,"20":40,"21":40,"22":8,"23":4,"24":8,"25":8,"26":1,"27":130,"28":130,"29":130,"30":130,"31":130,"32":130,"33":130,"34":130,"35":1170,"36":1170,"37":8580,"38":130,"39":130,"40":130,"41":130,"42":1,"43":130,"44":130,"45":130,"46":130,"47":130,"48":1170,"49":130,"50":130,"51":1190,"52":130,"53":130,"54":130,"55":130,"56":1,"57":130,"58":130,"59":130,"60":130,"61":1170,"62":130,"63":130,"64":1190,"65":130,"66":130,"67":130,"68":130,"69":1,"70":9,"71":9,"72":9,"73":9,"74":9,"75":81,"76":9,"77":66,"78":9,"79":9,"80":1},"f":{"0":8,"1":130,"2":130,"3":130,"4":9},"b":{"0":[40,488],"1":[4,4],"2":[130,8450],"3":[130,1040],"4":[130,1060],"5":[130,1040],"6":[130,1060],"7":[9,72]},"_coverageSchema":"1a1c01bbd47fc00a2c39e90264f33305004495a9","hash":"e1943fd24e55edd8c6fd71fc5f5d1d2bc9024100"}
}
