{"/home/becca-boop/progblackassignment/progblackcoursework1/app.js": {"path":"/home/becca-boop/progblackassignment/progblackcoursework1/app.js","statementMap":{"0":{"start":{"line":1,"column":16},"end":{"line":1,"column":34}},"1":{"start":{"line":2,"column":12},"end":{"line":2,"column":21}},"2":{"start":{"line":4,"column":11},"end":{"line":4,"column":24}},"3":{"start":{"line":6,"column":13},"end":{"line":6,"column":28}},"4":{"start":{"line":9,"column":0},"end":{"line":9,"column":34}},"5":{"start":{"line":10,"column":0},"end":{"line":10,"column":32}},"6":{"start":{"line":11,"column":0},"end":{"line":11,"column":55}},"7":{"start":{"line":13,"column":0},"end":{"line":37,"column":3}},"8":{"start":{"line":14,"column":4},"end":{"line":14,"column":20}},"9":{"start":{"line":15,"column":17},"end":{"line":15,"column":40}},"10":{"start":{"line":16,"column":22},"end":{"line":16,"column":32}},"11":{"start":{"line":17,"column":18},"end":{"line":17,"column":35}},"12":{"start":{"line":19,"column":17},"end":{"line":19,"column":54}},"13":{"start":{"line":20,"column":4},"end":{"line":20,"column":50}},"14":{"start":{"line":21,"column":22},"end":{"line":21,"column":40}},"15":{"start":{"line":23,"column":18},"end":{"line":23,"column":20}},"16":{"start":{"line":24,"column":4},"end":{"line":32,"column":5}},"17":{"start":{"line":25,"column":35},"end":{"line":25,"column":54}},"18":{"start":{"line":26,"column":8},"end":{"line":31,"column":9}},"19":{"start":{"line":27,"column":12},"end":{"line":30,"column":13}},"20":{"start":{"line":28,"column":39},"end":{"line":28,"column":52}},"21":{"start":{"line":29,"column":16},"end":{"line":29,"column":59}},"22":{"start":{"line":33,"column":4},"end":{"line":35,"column":5}},"23":{"start":{"line":34,"column":8},"end":{"line":34,"column":35}},"24":{"start":{"line":36,"column":4},"end":{"line":36,"column":39}},"25":{"start":{"line":39,"column":0},"end":{"line":60,"column":3}},"26":{"start":{"line":40,"column":4},"end":{"line":40,"column":20}},"27":{"start":{"line":41,"column":17},"end":{"line":41,"column":40}},"28":{"start":{"line":42,"column":22},"end":{"line":42,"column":32}},"29":{"start":{"line":43,"column":18},"end":{"line":43,"column":35}},"30":{"start":{"line":45,"column":26},"end":{"line":45,"column":44}},"31":{"start":{"line":46,"column":4},"end":{"line":46,"column":47}},"32":{"start":{"line":48,"column":18},"end":{"line":48,"column":20}},"33":{"start":{"line":49,"column":4},"end":{"line":57,"column":5}},"34":{"start":{"line":50,"column":35},"end":{"line":50,"column":54}},"35":{"start":{"line":51,"column":8},"end":{"line":56,"column":9}},"36":{"start":{"line":52,"column":12},"end":{"line":55,"column":13}},"37":{"start":{"line":53,"column":39},"end":{"line":53,"column":52}},"38":{"start":{"line":54,"column":16},"end":{"line":54,"column":61}},"39":{"start":{"line":58,"column":4},"end":{"line":58,"column":41}},"40":{"start":{"line":59,"column":4},"end":{"line":59,"column":39}},"41":{"start":{"line":62,"column":0},"end":{"line":80,"column":3}},"42":{"start":{"line":63,"column":4},"end":{"line":63,"column":20}},"43":{"start":{"line":64,"column":17},"end":{"line":64,"column":40}},"44":{"start":{"line":65,"column":22},"end":{"line":65,"column":32}},"45":{"start":{"line":67,"column":18},"end":{"line":67,"column":20}},"46":{"start":{"line":68,"column":4},"end":{"line":78,"column":5}},"47":{"start":{"line":69,"column":8},"end":{"line":77,"column":9}},"48":{"start":{"line":70,"column":39},"end":{"line":70,"column":58}},"49":{"start":{"line":71,"column":12},"end":{"line":76,"column":13}},"50":{"start":{"line":72,"column":16},"end":{"line":75,"column":17}},"51":{"start":{"line":73,"column":43},"end":{"line":73,"column":56}},"52":{"start":{"line":74,"column":20},"end":{"line":74,"column":117}},"53":{"start":{"line":79,"column":4},"end":{"line":79,"column":39}},"54":{"start":{"line":83,"column":0},"end":{"line":100,"column":3}},"55":{"start":{"line":84,"column":4},"end":{"line":84,"column":20}},"56":{"start":{"line":85,"column":17},"end":{"line":85,"column":40}},"57":{"start":{"line":86,"column":22},"end":{"line":86,"column":32}},"58":{"start":{"line":88,"column":4},"end":{"line":99,"column":5}},"59":{"start":{"line":89,"column":8},"end":{"line":98,"column":9}},"60":{"start":{"line":90,"column":39},"end":{"line":90,"column":58}},"61":{"start":{"line":91,"column":12},"end":{"line":97,"column":13}},"62":{"start":{"line":92,"column":16},"end":{"line":96,"column":17}},"63":{"start":{"line":93,"column":43},"end":{"line":93,"column":56}},"64":{"start":{"line":94,"column":33},"end":{"line":94,"column":77}},"65":{"start":{"line":95,"column":20},"end":{"line":95,"column":36}},"66":{"start":{"line":102,"column":0},"end":{"line":116,"column":3}},"67":{"start":{"line":103,"column":4},"end":{"line":103,"column":20}},"68":{"start":{"line":104,"column":17},"end":{"line":104,"column":40}},"69":{"start":{"line":105,"column":22},"end":{"line":105,"column":32}},"70":{"start":{"line":106,"column":12},"end":{"line":106,"column":13}},"71":{"start":{"line":108,"column":4},"end":{"line":114,"column":5}},"72":{"start":{"line":109,"column":8},"end":{"line":113,"column":9}},"73":{"start":{"line":110,"column":12},"end":{"line":112,"column":13}},"74":{"start":{"line":111,"column":16},"end":{"line":111,"column":20}},"75":{"start":{"line":115,"column":4},"end":{"line":115,"column":33}},"76":{"start":{"line":118,"column":0},"end":{"line":127,"column":3}},"77":{"start":{"line":119,"column":4},"end":{"line":119,"column":20}},"78":{"start":{"line":120,"column":17},"end":{"line":120,"column":40}},"79":{"start":{"line":121,"column":23},"end":{"line":121,"column":47}},"80":{"start":{"line":122,"column":4},"end":{"line":126,"column":5}},"81":{"start":{"line":123,"column":8},"end":{"line":125,"column":9}},"82":{"start":{"line":124,"column":12},"end":{"line":124,"column":61}},"83":{"start":{"line":129,"column":0},"end":{"line":129,"column":21}}},"fnMap":{"0":{"name":"(anonymous_0)","decl":{"start":{"line":13,"column":30},"end":{"line":13,"column":31}},"loc":{"start":{"line":13,"column":55},"end":{"line":37,"column":1}},"line":13},"1":{"name":"(anonymous_1)","decl":{"start":{"line":39,"column":32},"end":{"line":39,"column":33}},"loc":{"start":{"line":39,"column":57},"end":{"line":60,"column":1}},"line":39},"2":{"name":"(anonymous_2)","decl":{"start":{"line":62,"column":34},"end":{"line":62,"column":35}},"loc":{"start":{"line":62,"column":59},"end":{"line":80,"column":1}},"line":62},"3":{"name":"(anonymous_3)","decl":{"start":{"line":83,"column":29},"end":{"line":83,"column":30}},"loc":{"start":{"line":83,"column":53},"end":{"line":100,"column":1}},"line":83},"4":{"name":"(anonymous_4)","decl":{"start":{"line":102,"column":18},"end":{"line":102,"column":19}},"loc":{"start":{"line":102,"column":42},"end":{"line":116,"column":1}},"line":102},"5":{"name":"(anonymous_5)","decl":{"start":{"line":118,"column":33},"end":{"line":118,"column":34}},"loc":{"start":{"line":118,"column":57},"end":{"line":127,"column":1}},"line":118}},"branchMap":{"0":{"loc":{"start":{"line":27,"column":12},"end":{"line":30,"column":13}},"type":"if","locations":[{"start":{"line":27,"column":12},"end":{"line":30,"column":13}},{"start":{},"end":{}}],"line":27},"1":{"loc":{"start":{"line":33,"column":4},"end":{"line":35,"column":5}},"type":"if","locations":[{"start":{"line":33,"column":4},"end":{"line":35,"column":5}},{"start":{},"end":{}}],"line":33},"2":{"loc":{"start":{"line":52,"column":12},"end":{"line":55,"column":13}},"type":"if","locations":[{"start":{"line":52,"column":12},"end":{"line":55,"column":13}},{"start":{},"end":{}}],"line":52},"3":{"loc":{"start":{"line":69,"column":8},"end":{"line":77,"column":9}},"type":"if","locations":[{"start":{"line":69,"column":8},"end":{"line":77,"column":9}},{"start":{},"end":{}}],"line":69},"4":{"loc":{"start":{"line":72,"column":16},"end":{"line":75,"column":17}},"type":"if","locations":[{"start":{"line":72,"column":16},"end":{"line":75,"column":17}},{"start":{},"end":{}}],"line":72},"5":{"loc":{"start":{"line":89,"column":8},"end":{"line":98,"column":9}},"type":"if","locations":[{"start":{"line":89,"column":8},"end":{"line":98,"column":9}},{"start":{},"end":{}}],"line":89},"6":{"loc":{"start":{"line":92,"column":16},"end":{"line":96,"column":17}},"type":"if","locations":[{"start":{"line":92,"column":16},"end":{"line":96,"column":17}},{"start":{},"end":{}}],"line":92},"7":{"loc":{"start":{"line":109,"column":8},"end":{"line":113,"column":9}},"type":"if","locations":[{"start":{"line":109,"column":8},"end":{"line":113,"column":9}},{"start":{},"end":{}}],"line":109},"8":{"loc":{"start":{"line":123,"column":8},"end":{"line":125,"column":9}},"type":"if","locations":[{"start":{"line":123,"column":8},"end":{"line":125,"column":9}},{"start":{},"end":{}}],"line":123}},"s":{"0":1,"1":1,"2":1,"3":1,"4":1,"5":1,"6":1,"7":1,"8":2,"9":2,"10":2,"11":2,"12":2,"13":2,"14":2,"15":2,"16":2,"17":18,"18":18,"19":132,"20":22,"21":22,"22":2,"23":0,"24":2,"25":1,"26":130,"27":130,"28":130,"29":130,"30":130,"31":130,"32":130,"33":130,"34":1170,"35":1170,"36":8580,"37":130,"38":130,"39":130,"40":130,"41":1,"42":130,"43":130,"44":130,"45":130,"46":130,"47":1170,"48":130,"49":130,"50":1190,"51":130,"52":130,"53":130,"54":1,"55":130,"56":130,"57":130,"58":130,"59":1170,"60":130,"61":130,"62":1190,"63":130,"64":130,"65":130,"66":1,"67":0,"68":0,"69":0,"70":0,"71":0,"72":0,"73":0,"74":0,"75":0,"76":1,"77":0,"78":0,"79":0,"80":0,"81":0,"82":0,"83":1},"f":{"0":2,"1":130,"2":130,"3":130,"4":0,"5":0},"b":{"0":[22,110],"1":[0,2],"2":[130,8450],"3":[130,1040],"4":[130,1060],"5":[130,1040],"6":[130,1060],"7":[0,0],"8":[0,0]},"_coverageSchema":"1a1c01bbd47fc00a2c39e90264f33305004495a9","hash":"6397e6a1e5efd4fa26fa9aef18ead95194e2877b"}
}
