TN:
SF:app.js
FN:13,(anonymous_0)
FN:39,(anonymous_1)
FN:62,(anonymous_2)
FN:83,(anonymous_3)
FN:102,(anonymous_4)
FN:118,(anonymous_5)
FNF:6
FNH:4
FNDA:2,(anonymous_0)
FNDA:130,(anonymous_1)
FNDA:130,(anonymous_2)
FNDA:130,(anonymous_3)
FNDA:0,(anonymous_4)
FNDA:0,(anonymous_5)
DA:1,1
DA:2,1
DA:4,1
DA:6,1
DA:9,1
DA:10,1
DA:11,1
DA:13,1
DA:14,2
DA:15,2
DA:16,2
DA:17,2
DA:19,2
DA:20,2
DA:21,2
DA:23,2
DA:24,2
DA:25,18
DA:26,18
DA:27,132
DA:28,22
DA:29,22
DA:33,2
DA:34,0
DA:36,2
DA:39,1
DA:40,130
DA:41,130
DA:42,130
DA:43,130
DA:45,130
DA:46,130
DA:48,130
DA:49,130
DA:50,1170
DA:51,1170
DA:52,8580
DA:53,130
DA:54,130
DA:58,130
DA:59,130
DA:62,1
DA:63,130
DA:64,130
DA:65,130
DA:67,130
DA:68,130
DA:69,1170
DA:70,130
DA:71,130
DA:72,1190
DA:73,130
DA:74,130
DA:79,130
DA:83,1
DA:84,130
DA:85,130
DA:86,130
DA:88,130
DA:89,1170
DA:90,130
DA:91,130
DA:92,1190
DA:93,130
DA:94,130
DA:95,130
DA:102,1
DA:103,0
DA:104,0
DA:105,0
DA:106,0
DA:108,0
DA:109,0
DA:110,0
DA:111,0
DA:115,0
DA:118,1
DA:119,0
DA:120,0
DA:121,0
DA:122,0
DA:123,0
DA:124,0
DA:129,1
LF:84
LH:68
BRDA:27,0,0,22
BRDA:27,0,1,110
BRDA:33,1,0,0
BRDA:33,1,1,2
BRDA:52,2,0,130
BRDA:52,2,1,8450
BRDA:69,3,0,130
BRDA:69,3,1,1040
BRDA:72,4,0,130
BRDA:72,4,1,1060
BRDA:89,5,0,130
BRDA:89,5,1,1040
BRDA:92,6,0,130
BRDA:92,6,1,1060
BRDA:109,7,0,0
BRDA:109,7,1,0
BRDA:123,8,0,0
BRDA:123,8,1,0
BRF:18
BRH:13
end_of_record
