TN:
SF:app.js
FN:13,(anonymous_0)
FN:40,(anonymous_1)
FN:63,(anonymous_2)
FN:85,(anonymous_3)
FN:105,(anonymous_4)
FNF:5
FNH:5
FNDA:8,(anonymous_0)
FNDA:130,(anonymous_1)
FNDA:130,(anonymous_2)
FNDA:130,(anonymous_3)
FNDA:9,(anonymous_4)
DA:1,1
DA:2,1
DA:4,1
DA:6,1
DA:9,1
DA:10,1
DA:11,1
DA:13,1
DA:14,8
DA:15,8
DA:16,8
DA:17,8
DA:19,8
DA:20,8
DA:21,8
DA:23,8
DA:24,8
DA:25,72
DA:26,72
DA:27,528
DA:28,40
DA:29,40
DA:33,8
DA:34,4
DA:36,8
DA:37,8
DA:40,1
DA:41,130
DA:42,130
DA:43,130
DA:44,130
DA:46,130
DA:47,130
DA:49,130
DA:50,130
DA:51,1170
DA:52,1170
DA:53,8580
DA:54,130
DA:55,130
DA:59,130
DA:60,130
DA:63,1
DA:64,130
DA:65,130
DA:66,130
DA:68,130
DA:69,130
DA:70,1170
DA:71,130
DA:72,130
DA:73,1190
DA:74,130
DA:75,130
DA:80,130
DA:81,130
DA:85,1
DA:86,130
DA:87,130
DA:88,130
DA:90,130
DA:91,1170
DA:92,130
DA:93,130
DA:94,1190
DA:95,130
DA:96,130
DA:97,130
DA:98,130
DA:105,1
DA:106,9
DA:107,9
DA:108,9
DA:109,9
DA:111,9
DA:112,81
DA:113,9
DA:114,66
DA:118,9
DA:119,9
DA:122,1
LF:81
LH:81
BRDA:27,0,0,40
BRDA:27,0,1,488
BRDA:33,1,0,4
BRDA:33,1,1,4
BRDA:53,2,0,130
BRDA:53,2,1,8450
BRDA:70,3,0,130
BRDA:70,3,1,1040
BRDA:73,4,0,130
BRDA:73,4,1,1060
BRDA:91,5,0,130
BRDA:91,5,1,1040
BRDA:94,6,0,130
BRDA:94,6,1,1060
BRDA:112,7,0,9
BRDA:112,7,1,72
BRF:16
BRH:16
end_of_record
